# Logfile created on 2022-01-19 12:51:23 +0100 by logger.rb/47272
I, [2022-01-19T12:58:28.790998 #46680]  INFO -- : Running example 'Verifying a pact between user-client and user-server Given The user1 does not exist A new user registration request for user1 with PUT /users returns a response which has status code 201'
I, [2022-01-19T12:58:28.791654 #46680]  INFO -- : Sending PUT request to path: "/users" with headers: {"HTTP_ACCEPT"=>"application/json; charset=utf-8", "CONTENT_TYPE"=>"application/json; charset=utf-8", "HTTP_X_PACT_ORIGINAL_HEADER_NAMES"=>"Accept,Content-Type", "X_PACT_PROVIDER_STATES"=>[{"name"=>"The user1 does not exist"}]}, see debug logs for body
D, [2022-01-19T12:58:28.791710 #46680] DEBUG -- : body :{"id":"user1","name":"name1","email":"email1"}
I, [2022-01-19T12:58:28.817506 #46680]  INFO -- : Received response with status: 502, headers: {"Date"=>"Wed, 19 Jan 2022 11:58:28 GMT", "Content-Length"=>"0"}, see debug logs for body
D, [2022-01-19T12:58:28.817609 #46680] DEBUG -- : body: 
I, [2022-01-19T12:58:28.824608 #46680]  INFO -- : Running example 'Verifying a pact between user-client and user-server Given The user1 exists already A new user registration request for user1 with PUT /users returns a response which has status code 400'
I, [2022-01-19T12:58:28.824833 #46680]  INFO -- : Sending PUT request to path: "/users" with headers: {"HTTP_ACCEPT"=>"application/json; charset=utf-8", "CONTENT_TYPE"=>"application/json; charset=utf-8", "HTTP_X_PACT_ORIGINAL_HEADER_NAMES"=>"Accept,Content-Type", "X_PACT_PROVIDER_STATES"=>[{"name"=>"The user1 exists already"}]}, see debug logs for body
D, [2022-01-19T12:58:28.824887 #46680] DEBUG -- : body :{"id":"user1","name":"name1","email":"email1"}
I, [2022-01-19T12:58:28.827513 #46680]  INFO -- : Received response with status: 502, headers: {"Date"=>"Wed, 19 Jan 2022 11:58:28 GMT", "Content-Length"=>"0"}, see debug logs for body
D, [2022-01-19T12:58:28.827596 #46680] DEBUG -- : body: 
W, [2022-01-19T12:58:28.828257 #46680]  WARN -- : No content type found, performing text diff on body
I, [2022-01-19T12:58:28.829426 #46680]  INFO -- : Running example 'Verifying a pact between user-client and user-server Given The many users exist A list all users request with GET /users returns a response which has status code 200'
I, [2022-01-19T12:58:28.829555 #46680]  INFO -- : Sending GET request to path: "/users" with headers: {"HTTP_ACCEPT"=>"application/json; charset=utf-8", "HTTP_X_PACT_ORIGINAL_HEADER_NAMES"=>"Accept", "X_PACT_PROVIDER_STATES"=>[{"name"=>"The many users exist"}]}, see debug logs for body
D, [2022-01-19T12:58:28.829586 #46680] DEBUG -- : body :
I, [2022-01-19T12:58:28.832283 #46680]  INFO -- : Received response with status: 502, headers: {"Date"=>"Wed, 19 Jan 2022 11:58:28 GMT", "Content-Length"=>"0"}, see debug logs for body
D, [2022-01-19T12:58:28.832363 #46680] DEBUG -- : body: 
W, [2022-01-19T12:58:28.832844 #46680]  WARN -- : No content type found, performing text diff on body
I, [2022-01-19T12:58:28.834167 #46680]  INFO -- : Running example 'Verifying a pact between user-client and user-server Given No users exist A list all users request with GET /users returns a response which has status code 200'
I, [2022-01-19T12:58:28.834287 #46680]  INFO -- : Sending GET request to path: "/users" with headers: {"HTTP_ACCEPT"=>"application/json; charset=utf-8", "HTTP_X_PACT_ORIGINAL_HEADER_NAMES"=>"Accept", "X_PACT_PROVIDER_STATES"=>[{"name"=>"No users exist"}]}, see debug logs for body
D, [2022-01-19T12:58:28.834318 #46680] DEBUG -- : body :
I, [2022-01-19T12:58:28.837121 #46680]  INFO -- : Received response with status: 502, headers: {"Date"=>"Wed, 19 Jan 2022 11:58:28 GMT", "Content-Length"=>"0"}, see debug logs for body
D, [2022-01-19T12:58:28.837214 #46680] DEBUG -- : body: 
W, [2022-01-19T12:58:28.837715 #46680]  WARN -- : No content type found, performing text diff on body
I, [2022-01-19T12:58:28.838855 #46680]  INFO -- : Running example 'Verifying a pact between user-client and user-server Given The user1 exists A find user1 by id request with GET /users/user1 returns a response which has status code 200'
I, [2022-01-19T12:58:28.839021 #46680]  INFO -- : Sending GET request to path: "/users/user1" with headers: {"HTTP_ACCEPT"=>"application/json; charset=utf-8", "HTTP_X_PACT_ORIGINAL_HEADER_NAMES"=>"Accept", "X_PACT_PROVIDER_STATES"=>[{"name"=>"The user1 exists"}]}, see debug logs for body
D, [2022-01-19T12:58:28.839060 #46680] DEBUG -- : body :
I, [2022-01-19T12:58:28.842467 #46680]  INFO -- : Received response with status: 502, headers: {"Date"=>"Wed, 19 Jan 2022 11:58:28 GMT", "Content-Length"=>"0"}, see debug logs for body
D, [2022-01-19T12:58:28.842541 #46680] DEBUG -- : body: 
W, [2022-01-19T12:58:28.843108 #46680]  WARN -- : No content type found, performing text diff on body
I, [2022-01-19T12:58:28.844729 #46680]  INFO -- : Running example 'Verifying a pact between user-client and user-server Given The user1 does not exist A find user1 by id request with GET /users/user1 returns a response which has status code 404'
I, [2022-01-19T12:58:28.844906 #46680]  INFO -- : Sending GET request to path: "/users/user1" with headers: {"HTTP_ACCEPT"=>"application/json; charset=utf-8", "HTTP_X_PACT_ORIGINAL_HEADER_NAMES"=>"Accept", "X_PACT_PROVIDER_STATES"=>[{"name"=>"The user1 does not exist"}]}, see debug logs for body
D, [2022-01-19T12:58:28.844941 #46680] DEBUG -- : body :
I, [2022-01-19T12:58:28.847760 #46680]  INFO -- : Received response with status: 502, headers: {"Date"=>"Wed, 19 Jan 2022 11:58:28 GMT", "Content-Length"=>"0"}, see debug logs for body
D, [2022-01-19T12:58:28.847864 #46680] DEBUG -- : body: 
W, [2022-01-19T12:58:28.848407 #46680]  WARN -- : No content type found, performing text diff on body
I, [2022-01-19T12:58:28.849400 #46680]  INFO -- : Running example 'Verifying a pact between user-client and user-server Given The user1 exists A delete user1 request with DELETE /users/user1 returns a response which has status code 202'
I, [2022-01-19T12:58:28.849518 #46680]  INFO -- : Sending DELETE request to path: "/users/user1" with headers: {"HTTP_ACCEPT"=>"application/json; charset=utf-8", "HTTP_X_PACT_ORIGINAL_HEADER_NAMES"=>"Accept", "X_PACT_PROVIDER_STATES"=>[{"name"=>"The user1 exists"}]}, see debug logs for body
D, [2022-01-19T12:58:28.849545 #46680] DEBUG -- : body :
I, [2022-01-19T12:58:28.852115 #46680]  INFO -- : Received response with status: 502, headers: {"Date"=>"Wed, 19 Jan 2022 11:58:28 GMT", "Content-Length"=>"0"}, see debug logs for body
D, [2022-01-19T12:58:28.852185 #46680] DEBUG -- : body: 
I, [2022-01-19T12:58:28.853194 #46680]  INFO -- : Running example 'Verifying a pact between user-client and user-server Given The user1 does not exist A delete user1 request with DELETE /users/user1 returns a response which has status code 404'
I, [2022-01-19T12:58:28.853350 #46680]  INFO -- : Sending DELETE request to path: "/users/user1" with headers: {"HTTP_ACCEPT"=>"application/json; charset=utf-8", "HTTP_X_PACT_ORIGINAL_HEADER_NAMES"=>"Accept", "X_PACT_PROVIDER_STATES"=>[{"name"=>"The user1 does not exist"}]}, see debug logs for body
D, [2022-01-19T12:58:28.853378 #46680] DEBUG -- : body :
I, [2022-01-19T12:58:28.856211 #46680]  INFO -- : Received response with status: 502, headers: {"Date"=>"Wed, 19 Jan 2022 11:58:28 GMT", "Content-Length"=>"0"}, see debug logs for body
D, [2022-01-19T12:58:28.856306 #46680] DEBUG -- : body: 
W, [2022-01-19T12:58:28.856864 #46680]  WARN -- : No content type found, performing text diff on body
I, [2022-01-19T13:15:41.409611 #50449]  INFO -- : Running example 'Verifying a pact between user-client and user-server Given The user1 does not exist A new user registration request for user1 with PUT /users returns a response which has status code 201'
I, [2022-01-19T13:15:41.419605 #50449]  INFO -- : Sending PUT request to path: "/users" with headers: {"HTTP_ACCEPT"=>"application/json; charset=utf-8", "CONTENT_TYPE"=>"application/json; charset=utf-8", "HTTP_X_PACT_ORIGINAL_HEADER_NAMES"=>"Accept,Content-Type", "X_PACT_PROVIDER_STATES"=>[{"name"=>"The user1 does not exist"}]}, see debug logs for body
D, [2022-01-19T13:15:41.419703 #50449] DEBUG -- : body :{"id":"user1","name":"name1","email":"email1"}
I, [2022-01-19T13:15:41.444441 #50449]  INFO -- : Received response with status: 502, headers: {"Date"=>"Wed, 19 Jan 2022 12:15:41 GMT", "Content-Length"=>"0"}, see debug logs for body
D, [2022-01-19T13:15:41.444512 #50449] DEBUG -- : body: 
I, [2022-01-19T13:15:41.451725 #50449]  INFO -- : Running example 'Verifying a pact between user-client and user-server Given The user1 exists already A new user registration request for user1 with PUT /users returns a response which has status code 400'
I, [2022-01-19T13:15:41.453554 #50449]  INFO -- : Sending PUT request to path: "/users" with headers: {"HTTP_ACCEPT"=>"application/json; charset=utf-8", "CONTENT_TYPE"=>"application/json; charset=utf-8", "HTTP_X_PACT_ORIGINAL_HEADER_NAMES"=>"Accept,Content-Type", "X_PACT_PROVIDER_STATES"=>[{"name"=>"The user1 exists already"}]}, see debug logs for body
D, [2022-01-19T13:15:41.453636 #50449] DEBUG -- : body :{"id":"user1","name":"name1","email":"email1"}
I, [2022-01-19T13:15:41.456663 #50449]  INFO -- : Received response with status: 502, headers: {"Date"=>"Wed, 19 Jan 2022 12:15:41 GMT", "Content-Length"=>"0"}, see debug logs for body
D, [2022-01-19T13:15:41.456735 #50449] DEBUG -- : body: 
W, [2022-01-19T13:15:41.457296 #50449]  WARN -- : No content type found, performing text diff on body
I, [2022-01-19T13:15:41.458545 #50449]  INFO -- : Running example 'Verifying a pact between user-client and user-server Given Many users exist A list all users request with GET /users returns a response which has status code 200'
I, [2022-01-19T13:15:41.460781 #50449]  INFO -- : Sending GET request to path: "/users" with headers: {"HTTP_ACCEPT"=>"application/json; charset=utf-8", "HTTP_X_PACT_ORIGINAL_HEADER_NAMES"=>"Accept", "X_PACT_PROVIDER_STATES"=>[{"name"=>"Many users exist"}]}, see debug logs for body
D, [2022-01-19T13:15:41.460835 #50449] DEBUG -- : body :
I, [2022-01-19T13:15:41.464775 #50449]  INFO -- : Received response with status: 502, headers: {"Date"=>"Wed, 19 Jan 2022 12:15:41 GMT", "Content-Length"=>"0"}, see debug logs for body
D, [2022-01-19T13:15:41.465122 #50449] DEBUG -- : body: 
W, [2022-01-19T13:15:41.466693 #50449]  WARN -- : No content type found, performing text diff on body
I, [2022-01-19T13:15:41.468493 #50449]  INFO -- : Running example 'Verifying a pact between user-client and user-server Given No users exist A list all users request with GET /users returns a response which has status code 200'
I, [2022-01-19T13:15:41.471045 #50449]  INFO -- : Sending GET request to path: "/users" with headers: {"HTTP_ACCEPT"=>"application/json; charset=utf-8", "HTTP_X_PACT_ORIGINAL_HEADER_NAMES"=>"Accept", "X_PACT_PROVIDER_STATES"=>[{"name"=>"No users exist"}]}, see debug logs for body
D, [2022-01-19T13:15:41.471169 #50449] DEBUG -- : body :
I, [2022-01-19T13:15:41.475630 #50449]  INFO -- : Received response with status: 502, headers: {"Date"=>"Wed, 19 Jan 2022 12:15:41 GMT", "Content-Length"=>"0"}, see debug logs for body
D, [2022-01-19T13:15:41.475712 #50449] DEBUG -- : body: 
W, [2022-01-19T13:15:41.476281 #50449]  WARN -- : No content type found, performing text diff on body
I, [2022-01-19T13:15:41.477412 #50449]  INFO -- : Running example 'Verifying a pact between user-client and user-server Given The user1 exists A find user1 by id request with GET /users/user1 returns a response which has status code 200'
I, [2022-01-19T13:15:41.479532 #50449]  INFO -- : Sending GET request to path: "/users/user1" with headers: {"HTTP_ACCEPT"=>"application/json; charset=utf-8", "HTTP_X_PACT_ORIGINAL_HEADER_NAMES"=>"Accept", "X_PACT_PROVIDER_STATES"=>[{"name"=>"The user1 exists"}]}, see debug logs for body
D, [2022-01-19T13:15:41.479583 #50449] DEBUG -- : body :
I, [2022-01-19T13:15:41.482693 #50449]  INFO -- : Received response with status: 502, headers: {"Date"=>"Wed, 19 Jan 2022 12:15:41 GMT", "Content-Length"=>"0"}, see debug logs for body
D, [2022-01-19T13:15:41.482780 #50449] DEBUG -- : body: 
W, [2022-01-19T13:15:41.483348 #50449]  WARN -- : No content type found, performing text diff on body
I, [2022-01-19T13:15:41.484686 #50449]  INFO -- : Running example 'Verifying a pact between user-client and user-server Given The user1 does not exist A find user1 by id request with GET /users/user1 returns a response which has status code 404'
I, [2022-01-19T13:15:41.486736 #50449]  INFO -- : Sending GET request to path: "/users/user1" with headers: {"HTTP_ACCEPT"=>"application/json; charset=utf-8", "HTTP_X_PACT_ORIGINAL_HEADER_NAMES"=>"Accept", "X_PACT_PROVIDER_STATES"=>[{"name"=>"The user1 does not exist"}]}, see debug logs for body
D, [2022-01-19T13:15:41.486785 #50449] DEBUG -- : body :
I, [2022-01-19T13:15:41.489708 #50449]  INFO -- : Received response with status: 502, headers: {"Date"=>"Wed, 19 Jan 2022 12:15:41 GMT", "Content-Length"=>"0"}, see debug logs for body
D, [2022-01-19T13:15:41.489803 #50449] DEBUG -- : body: 
W, [2022-01-19T13:15:41.490475 #50449]  WARN -- : No content type found, performing text diff on body
I, [2022-01-19T13:15:41.491759 #50449]  INFO -- : Running example 'Verifying a pact between user-client and user-server Given The user1 exists A delete user1 request with DELETE /users/user1 returns a response which has status code 202'
I, [2022-01-19T13:15:41.493657 #50449]  INFO -- : Sending DELETE request to path: "/users/user1" with headers: {"HTTP_ACCEPT"=>"application/json; charset=utf-8", "HTTP_X_PACT_ORIGINAL_HEADER_NAMES"=>"Accept", "X_PACT_PROVIDER_STATES"=>[{"name"=>"The user1 exists"}]}, see debug logs for body
D, [2022-01-19T13:15:41.493710 #50449] DEBUG -- : body :
I, [2022-01-19T13:15:41.496310 #50449]  INFO -- : Received response with status: 502, headers: {"Date"=>"Wed, 19 Jan 2022 12:15:41 GMT", "Content-Length"=>"0"}, see debug logs for body
D, [2022-01-19T13:15:41.496389 #50449] DEBUG -- : body: 
I, [2022-01-19T13:15:41.497374 #50449]  INFO -- : Running example 'Verifying a pact between user-client and user-server Given The user1 does not exist A delete user1 request with DELETE /users/user1 returns a response which has status code 404'
I, [2022-01-19T13:15:41.499072 #50449]  INFO -- : Sending DELETE request to path: "/users/user1" with headers: {"HTTP_ACCEPT"=>"application/json; charset=utf-8", "HTTP_X_PACT_ORIGINAL_HEADER_NAMES"=>"Accept", "X_PACT_PROVIDER_STATES"=>[{"name"=>"The user1 does not exist"}]}, see debug logs for body
D, [2022-01-19T13:15:41.499135 #50449] DEBUG -- : body :
I, [2022-01-19T13:15:41.502355 #50449]  INFO -- : Received response with status: 502, headers: {"Date"=>"Wed, 19 Jan 2022 12:15:41 GMT", "Content-Length"=>"0"}, see debug logs for body
D, [2022-01-19T13:15:41.502444 #50449] DEBUG -- : body: 
W, [2022-01-19T13:15:41.502954 #50449]  WARN -- : No content type found, performing text diff on body
I, [2022-01-19T13:17:47.555234 #51036]  INFO -- : Running example 'Verifying a pact between user-client and user-server Given The user1 does not exist A new user registration request for user1 with PUT /users returns a response which has status code 201'
I, [2022-01-19T13:17:47.564364 #51036]  INFO -- : Sending PUT request to path: "/users" with headers: {"HTTP_ACCEPT"=>"application/json; charset=utf-8", "CONTENT_TYPE"=>"application/json; charset=utf-8", "HTTP_X_PACT_ORIGINAL_HEADER_NAMES"=>"Accept,Content-Type", "X_PACT_PROVIDER_STATES"=>[{"name"=>"The user1 does not exist"}]}, see debug logs for body
D, [2022-01-19T13:17:47.564434 #51036] DEBUG -- : body :{"id":"user1","name":"name1","email":"email1"}
I, [2022-01-19T13:17:47.583432 #51036]  INFO -- : Received response with status: 502, headers: {"Date"=>"Wed, 19 Jan 2022 12:17:47 GMT", "Content-Length"=>"0"}, see debug logs for body
D, [2022-01-19T13:17:47.583503 #51036] DEBUG -- : body: 
I, [2022-01-19T13:17:47.588435 #51036]  INFO -- : Running example 'Verifying a pact between user-client and user-server Given The user1 exists already A new user registration request for user1 with PUT /users returns a response which has status code 400'
I, [2022-01-19T13:17:47.591336 #51036]  INFO -- : Sending PUT request to path: "/users" with headers: {"HTTP_ACCEPT"=>"application/json; charset=utf-8", "CONTENT_TYPE"=>"application/json; charset=utf-8", "HTTP_X_PACT_ORIGINAL_HEADER_NAMES"=>"Accept,Content-Type", "X_PACT_PROVIDER_STATES"=>[{"name"=>"The user1 exists already"}]}, see debug logs for body
D, [2022-01-19T13:17:47.591419 #51036] DEBUG -- : body :{"id":"user1","name":"name1","email":"email1"}
I, [2022-01-19T13:17:47.593985 #51036]  INFO -- : Received response with status: 502, headers: {"Date"=>"Wed, 19 Jan 2022 12:17:47 GMT", "Content-Length"=>"0"}, see debug logs for body
D, [2022-01-19T13:17:47.594043 #51036] DEBUG -- : body: 
W, [2022-01-19T13:17:47.594580 #51036]  WARN -- : No content type found, performing text diff on body
I, [2022-01-19T13:17:47.595627 #51036]  INFO -- : Running example 'Verifying a pact between user-client and user-server Given Many users exist A list all users request with GET /users returns a response which has status code 200'
I, [2022-01-19T13:17:47.597429 #51036]  INFO -- : Sending GET request to path: "/users" with headers: {"HTTP_ACCEPT"=>"application/json; charset=utf-8", "HTTP_X_PACT_ORIGINAL_HEADER_NAMES"=>"Accept", "X_PACT_PROVIDER_STATES"=>[{"name"=>"Many users exist"}]}, see debug logs for body
D, [2022-01-19T13:17:47.597484 #51036] DEBUG -- : body :
I, [2022-01-19T13:17:47.599905 #51036]  INFO -- : Received response with status: 502, headers: {"Date"=>"Wed, 19 Jan 2022 12:17:47 GMT", "Content-Length"=>"0"}, see debug logs for body
D, [2022-01-19T13:17:47.599954 #51036] DEBUG -- : body: 
W, [2022-01-19T13:17:47.600425 #51036]  WARN -- : No content type found, performing text diff on body
I, [2022-01-19T13:17:47.601691 #51036]  INFO -- : Running example 'Verifying a pact between user-client and user-server Given No users exist A list all users request with GET /users returns a response which has status code 200'
I, [2022-01-19T13:17:47.603142 #51036]  INFO -- : Sending GET request to path: "/users" with headers: {"HTTP_ACCEPT"=>"application/json; charset=utf-8", "HTTP_X_PACT_ORIGINAL_HEADER_NAMES"=>"Accept", "X_PACT_PROVIDER_STATES"=>[{"name"=>"No users exist"}]}, see debug logs for body
D, [2022-01-19T13:17:47.603185 #51036] DEBUG -- : body :
I, [2022-01-19T13:17:47.605354 #51036]  INFO -- : Received response with status: 502, headers: {"Date"=>"Wed, 19 Jan 2022 12:17:47 GMT", "Content-Length"=>"0"}, see debug logs for body
D, [2022-01-19T13:17:47.605405 #51036] DEBUG -- : body: 
W, [2022-01-19T13:17:47.605921 #51036]  WARN -- : No content type found, performing text diff on body
I, [2022-01-19T13:17:47.606810 #51036]  INFO -- : Running example 'Verifying a pact between user-client and user-server Given The user1 exists A find user1 by id request with GET /users/user1 returns a response which has status code 200'
I, [2022-01-19T13:17:47.608325 #51036]  INFO -- : Sending GET request to path: "/users/user1" with headers: {"HTTP_ACCEPT"=>"application/json; charset=utf-8", "HTTP_X_PACT_ORIGINAL_HEADER_NAMES"=>"Accept", "X_PACT_PROVIDER_STATES"=>[{"name"=>"The user1 exists"}]}, see debug logs for body
D, [2022-01-19T13:17:47.608367 #51036] DEBUG -- : body :
I, [2022-01-19T13:17:47.610464 #51036]  INFO -- : Received response with status: 502, headers: {"Date"=>"Wed, 19 Jan 2022 12:17:47 GMT", "Content-Length"=>"0"}, see debug logs for body
D, [2022-01-19T13:17:47.610544 #51036] DEBUG -- : body: 
W, [2022-01-19T13:17:47.611055 #51036]  WARN -- : No content type found, performing text diff on body
I, [2022-01-19T13:17:47.612039 #51036]  INFO -- : Running example 'Verifying a pact between user-client and user-server Given The user1 does not exist A find user1 by id request with GET /users/user1 returns a response which has status code 404'
I, [2022-01-19T13:17:47.613487 #51036]  INFO -- : Sending GET request to path: "/users/user1" with headers: {"HTTP_ACCEPT"=>"application/json; charset=utf-8", "HTTP_X_PACT_ORIGINAL_HEADER_NAMES"=>"Accept", "X_PACT_PROVIDER_STATES"=>[{"name"=>"The user1 does not exist"}]}, see debug logs for body
D, [2022-01-19T13:17:47.613531 #51036] DEBUG -- : body :
I, [2022-01-19T13:17:47.616073 #51036]  INFO -- : Received response with status: 502, headers: {"Date"=>"Wed, 19 Jan 2022 12:17:47 GMT", "Content-Length"=>"0"}, see debug logs for body
D, [2022-01-19T13:17:47.616174 #51036] DEBUG -- : body: 
W, [2022-01-19T13:17:47.616707 #51036]  WARN -- : No content type found, performing text diff on body
I, [2022-01-19T13:17:47.617758 #51036]  INFO -- : Running example 'Verifying a pact between user-client and user-server Given The user1 exists A delete user1 request with DELETE /users/user1 returns a response which has status code 202'
I, [2022-01-19T13:17:47.619508 #51036]  INFO -- : Sending DELETE request to path: "/users/user1" with headers: {"HTTP_ACCEPT"=>"application/json; charset=utf-8", "HTTP_X_PACT_ORIGINAL_HEADER_NAMES"=>"Accept", "X_PACT_PROVIDER_STATES"=>[{"name"=>"The user1 exists"}]}, see debug logs for body
D, [2022-01-19T13:17:47.619552 #51036] DEBUG -- : body :
I, [2022-01-19T13:17:47.622433 #51036]  INFO -- : Received response with status: 502, headers: {"Date"=>"Wed, 19 Jan 2022 12:17:47 GMT", "Content-Length"=>"0"}, see debug logs for body
D, [2022-01-19T13:17:47.622487 #51036] DEBUG -- : body: 
I, [2022-01-19T13:17:47.623433 #51036]  INFO -- : Running example 'Verifying a pact between user-client and user-server Given The user1 does not exist A delete user1 request with DELETE /users/user1 returns a response which has status code 404'
I, [2022-01-19T13:17:47.625051 #51036]  INFO -- : Sending DELETE request to path: "/users/user1" with headers: {"HTTP_ACCEPT"=>"application/json; charset=utf-8", "HTTP_X_PACT_ORIGINAL_HEADER_NAMES"=>"Accept", "X_PACT_PROVIDER_STATES"=>[{"name"=>"The user1 does not exist"}]}, see debug logs for body
D, [2022-01-19T13:17:47.625094 #51036] DEBUG -- : body :
I, [2022-01-19T13:17:47.627391 #51036]  INFO -- : Received response with status: 502, headers: {"Date"=>"Wed, 19 Jan 2022 12:17:47 GMT", "Content-Length"=>"0"}, see debug logs for body
D, [2022-01-19T13:17:47.627445 #51036] DEBUG -- : body: 
W, [2022-01-19T13:17:47.627945 #51036]  WARN -- : No content type found, performing text diff on body
I, [2022-01-19T13:18:35.629249 #51264]  INFO -- : Running example 'Verifying a pact between user-client and user-server Given The user1 does not exist A new user registration request for user1 with PUT /users returns a response which has status code 201'
I, [2022-01-19T13:18:35.635638 #51264]  INFO -- : Sending PUT request to path: "/users" with headers: {"HTTP_ACCEPT"=>"application/json; charset=utf-8", "CONTENT_TYPE"=>"application/json; charset=utf-8", "HTTP_X_PACT_ORIGINAL_HEADER_NAMES"=>"Accept,Content-Type", "X_PACT_PROVIDER_STATES"=>[{"name"=>"The user1 does not exist"}]}, see debug logs for body
D, [2022-01-19T13:18:35.635737 #51264] DEBUG -- : body :{"id":"user1","name":"name1","email":"email1"}
I, [2022-01-19T13:18:35.651825 #51264]  INFO -- : Received response with status: 502, headers: {"Date"=>"Wed, 19 Jan 2022 12:18:35 GMT", "Content-Length"=>"0"}, see debug logs for body
D, [2022-01-19T13:18:35.651903 #51264] DEBUG -- : body: 
I, [2022-01-19T13:18:35.656158 #51264]  INFO -- : Running example 'Verifying a pact between user-client and user-server Given The user1 exists already A new user registration request for user1 with PUT /users returns a response which has status code 400'
I, [2022-01-19T13:18:35.657892 #51264]  INFO -- : Sending PUT request to path: "/users" with headers: {"HTTP_ACCEPT"=>"application/json; charset=utf-8", "CONTENT_TYPE"=>"application/json; charset=utf-8", "HTTP_X_PACT_ORIGINAL_HEADER_NAMES"=>"Accept,Content-Type", "X_PACT_PROVIDER_STATES"=>[{"name"=>"The user1 exists already"}]}, see debug logs for body
D, [2022-01-19T13:18:35.657963 #51264] DEBUG -- : body :{"id":"user1","name":"name1","email":"email1"}
I, [2022-01-19T13:18:35.659822 #51264]  INFO -- : Received response with status: 502, headers: {"Date"=>"Wed, 19 Jan 2022 12:18:35 GMT", "Content-Length"=>"0"}, see debug logs for body
D, [2022-01-19T13:18:35.659889 #51264] DEBUG -- : body: 
W, [2022-01-19T13:18:35.660420 #51264]  WARN -- : No content type found, performing text diff on body
I, [2022-01-19T13:18:35.661463 #51264]  INFO -- : Running example 'Verifying a pact between user-client and user-server Given Many users exist A list all users request with GET /users returns a response which has status code 200'
I, [2022-01-19T13:18:35.662950 #51264]  INFO -- : Sending GET request to path: "/users" with headers: {"HTTP_ACCEPT"=>"application/json; charset=utf-8", "HTTP_X_PACT_ORIGINAL_HEADER_NAMES"=>"Accept", "X_PACT_PROVIDER_STATES"=>[{"name"=>"Many users exist"}]}, see debug logs for body
D, [2022-01-19T13:18:35.662994 #51264] DEBUG -- : body :
I, [2022-01-19T13:18:35.664594 #51264]  INFO -- : Received response with status: 502, headers: {"Date"=>"Wed, 19 Jan 2022 12:18:35 GMT", "Content-Length"=>"0"}, see debug logs for body
D, [2022-01-19T13:18:35.664648 #51264] DEBUG -- : body: 
W, [2022-01-19T13:18:35.665102 #51264]  WARN -- : No content type found, performing text diff on body
I, [2022-01-19T13:18:35.666364 #51264]  INFO -- : Running example 'Verifying a pact between user-client and user-server Given No users exist A list all users request with GET /users returns a response which has status code 200'
I, [2022-01-19T13:18:35.667804 #51264]  INFO -- : Sending GET request to path: "/users" with headers: {"HTTP_ACCEPT"=>"application/json; charset=utf-8", "HTTP_X_PACT_ORIGINAL_HEADER_NAMES"=>"Accept", "X_PACT_PROVIDER_STATES"=>[{"name"=>"No users exist"}]}, see debug logs for body
D, [2022-01-19T13:18:35.667874 #51264] DEBUG -- : body :
I, [2022-01-19T13:18:35.669616 #51264]  INFO -- : Received response with status: 502, headers: {"Date"=>"Wed, 19 Jan 2022 12:18:35 GMT", "Content-Length"=>"0"}, see debug logs for body
D, [2022-01-19T13:18:35.669671 #51264] DEBUG -- : body: 
W, [2022-01-19T13:18:35.670161 #51264]  WARN -- : No content type found, performing text diff on body
I, [2022-01-19T13:18:35.671069 #51264]  INFO -- : Running example 'Verifying a pact between user-client and user-server Given The user1 exists A find user1 by id request with GET /users/user1 returns a response which has status code 200'
I, [2022-01-19T13:18:35.672511 #51264]  INFO -- : Sending GET request to path: "/users/user1" with headers: {"HTTP_ACCEPT"=>"application/json; charset=utf-8", "HTTP_X_PACT_ORIGINAL_HEADER_NAMES"=>"Accept", "X_PACT_PROVIDER_STATES"=>[{"name"=>"The user1 exists"}]}, see debug logs for body
D, [2022-01-19T13:18:35.672556 #51264] DEBUG -- : body :
I, [2022-01-19T13:18:35.674127 #51264]  INFO -- : Received response with status: 502, headers: {"Date"=>"Wed, 19 Jan 2022 12:18:35 GMT", "Content-Length"=>"0"}, see debug logs for body
D, [2022-01-19T13:18:35.674176 #51264] DEBUG -- : body: 
W, [2022-01-19T13:18:35.674654 #51264]  WARN -- : No content type found, performing text diff on body
I, [2022-01-19T13:18:35.675605 #51264]  INFO -- : Running example 'Verifying a pact between user-client and user-server Given The user1 does not exist A find user1 by id request with GET /users/user1 returns a response which has status code 404'
I, [2022-01-19T13:18:35.677041 #51264]  INFO -- : Sending GET request to path: "/users/user1" with headers: {"HTTP_ACCEPT"=>"application/json; charset=utf-8", "HTTP_X_PACT_ORIGINAL_HEADER_NAMES"=>"Accept", "X_PACT_PROVIDER_STATES"=>[{"name"=>"The user1 does not exist"}]}, see debug logs for body
D, [2022-01-19T13:18:35.677085 #51264] DEBUG -- : body :
I, [2022-01-19T13:18:35.678648 #51264]  INFO -- : Received response with status: 502, headers: {"Date"=>"Wed, 19 Jan 2022 12:18:35 GMT", "Content-Length"=>"0"}, see debug logs for body
D, [2022-01-19T13:18:35.678702 #51264] DEBUG -- : body: 
W, [2022-01-19T13:18:35.679161 #51264]  WARN -- : No content type found, performing text diff on body
I, [2022-01-19T13:18:35.680125 #51264]  INFO -- : Running example 'Verifying a pact between user-client and user-server Given The user1 exists A delete user1 request with DELETE /users/user1 returns a response which has status code 202'
I, [2022-01-19T13:18:35.681540 #51264]  INFO -- : Sending DELETE request to path: "/users/user1" with headers: {"HTTP_ACCEPT"=>"application/json; charset=utf-8", "HTTP_X_PACT_ORIGINAL_HEADER_NAMES"=>"Accept", "X_PACT_PROVIDER_STATES"=>[{"name"=>"The user1 exists"}]}, see debug logs for body
D, [2022-01-19T13:18:35.681600 #51264] DEBUG -- : body :
I, [2022-01-19T13:18:35.683167 #51264]  INFO -- : Received response with status: 502, headers: {"Date"=>"Wed, 19 Jan 2022 12:18:35 GMT", "Content-Length"=>"0"}, see debug logs for body
D, [2022-01-19T13:18:35.683219 #51264] DEBUG -- : body: 
I, [2022-01-19T13:18:35.684082 #51264]  INFO -- : Running example 'Verifying a pact between user-client and user-server Given The user1 does not exist A delete user1 request with DELETE /users/user1 returns a response which has status code 404'
I, [2022-01-19T13:18:35.685512 #51264]  INFO -- : Sending DELETE request to path: "/users/user1" with headers: {"HTTP_ACCEPT"=>"application/json; charset=utf-8", "HTTP_X_PACT_ORIGINAL_HEADER_NAMES"=>"Accept", "X_PACT_PROVIDER_STATES"=>[{"name"=>"The user1 does not exist"}]}, see debug logs for body
D, [2022-01-19T13:18:35.685558 #51264] DEBUG -- : body :
I, [2022-01-19T13:18:35.687100 #51264]  INFO -- : Received response with status: 502, headers: {"Date"=>"Wed, 19 Jan 2022 12:18:35 GMT", "Content-Length"=>"0"}, see debug logs for body
D, [2022-01-19T13:18:35.687150 #51264] DEBUG -- : body: 
W, [2022-01-19T13:18:35.687628 #51264]  WARN -- : No content type found, performing text diff on body
I, [2022-01-19T13:20:07.980077 #51686]  INFO -- : Running example 'Verifying a pact between user-client and user-server Given The user1 does not exist A new user registration request for user1 with PUT /users returns a response which has status code 201'
I, [2022-01-19T13:20:24.774791 #51686]  INFO -- : Sending PUT request to path: "/users" with headers: {"HTTP_ACCEPT"=>"application/json; charset=utf-8", "CONTENT_TYPE"=>"application/json; charset=utf-8", "HTTP_X_PACT_ORIGINAL_HEADER_NAMES"=>"Accept,Content-Type", "X_PACT_PROVIDER_STATES"=>[{"name"=>"The user1 does not exist"}]}, see debug logs for body
D, [2022-01-19T13:20:24.780349 #51686] DEBUG -- : body :{"id":"user1","name":"name1","email":"email1"}
I, [2022-01-19T13:20:24.804175 #51686]  INFO -- : Received response with status: 502, headers: {"Date"=>"Wed, 19 Jan 2022 12:20:24 GMT", "Content-Length"=>"0"}, see debug logs for body
D, [2022-01-19T13:20:24.804422 #51686] DEBUG -- : body: 
I, [2022-01-19T13:20:24.811062 #51686]  INFO -- : Running example 'Verifying a pact between user-client and user-server Given The user1 exists already A new user registration request for user1 with PUT /users returns a response which has status code 400'
I, [2022-01-19T13:20:25.863857 #51686]  INFO -- : Sending PUT request to path: "/users" with headers: {"HTTP_ACCEPT"=>"application/json; charset=utf-8", "CONTENT_TYPE"=>"application/json; charset=utf-8", "HTTP_X_PACT_ORIGINAL_HEADER_NAMES"=>"Accept,Content-Type", "X_PACT_PROVIDER_STATES"=>[{"name"=>"The user1 exists already"}]}, see debug logs for body
D, [2022-01-19T13:20:25.863976 #51686] DEBUG -- : body :{"id":"user1","name":"name1","email":"email1"}
I, [2022-01-19T13:20:25.867024 #51686]  INFO -- : Received response with status: 502, headers: {"Date"=>"Wed, 19 Jan 2022 12:20:25 GMT", "Content-Length"=>"0"}, see debug logs for body
D, [2022-01-19T13:20:25.867138 #51686] DEBUG -- : body: 
W, [2022-01-19T13:20:25.867942 #51686]  WARN -- : No content type found, performing text diff on body
I, [2022-01-19T13:20:25.869238 #51686]  INFO -- : Running example 'Verifying a pact between user-client and user-server Given Many users exist A list all users request with GET /users returns a response which has status code 200'
I, [2022-01-19T13:20:35.612634 #51686]  INFO -- : Sending GET request to path: "/users" with headers: {"HTTP_ACCEPT"=>"application/json; charset=utf-8", "HTTP_X_PACT_ORIGINAL_HEADER_NAMES"=>"Accept", "X_PACT_PROVIDER_STATES"=>[{"name"=>"Many users exist"}]}, see debug logs for body
D, [2022-01-19T13:20:35.612863 #51686] DEBUG -- : body :
I, [2022-01-19T13:20:35.616498 #51686]  INFO -- : Received response with status: 502, headers: {"Date"=>"Wed, 19 Jan 2022 12:20:35 GMT", "Content-Length"=>"0"}, see debug logs for body
D, [2022-01-19T13:20:35.616612 #51686] DEBUG -- : body: 
W, [2022-01-19T13:20:35.617222 #51686]  WARN -- : No content type found, performing text diff on body
I, [2022-01-19T13:20:35.620316 #51686]  INFO -- : Running example 'Verifying a pact between user-client and user-server Given No users exist A list all users request with GET /users returns a response which has status code 200'
I, [2022-01-19T13:20:36.939477 #51686]  INFO -- : Sending GET request to path: "/users" with headers: {"HTTP_ACCEPT"=>"application/json; charset=utf-8", "HTTP_X_PACT_ORIGINAL_HEADER_NAMES"=>"Accept", "X_PACT_PROVIDER_STATES"=>[{"name"=>"No users exist"}]}, see debug logs for body
D, [2022-01-19T13:20:36.939614 #51686] DEBUG -- : body :
I, [2022-01-19T13:20:36.943469 #51686]  INFO -- : Received response with status: 502, headers: {"Date"=>"Wed, 19 Jan 2022 12:20:36 GMT", "Content-Length"=>"0"}, see debug logs for body
D, [2022-01-19T13:20:36.943654 #51686] DEBUG -- : body: 
W, [2022-01-19T13:20:36.944351 #51686]  WARN -- : No content type found, performing text diff on body
I, [2022-01-19T13:20:36.946915 #51686]  INFO -- : Running example 'Verifying a pact between user-client and user-server Given The user1 exists A find user1 by id request with GET /users/user1 returns a response which has status code 200'
I, [2022-01-19T13:20:38.003089 #51686]  INFO -- : Sending GET request to path: "/users/user1" with headers: {"HTTP_ACCEPT"=>"application/json; charset=utf-8", "HTTP_X_PACT_ORIGINAL_HEADER_NAMES"=>"Accept", "X_PACT_PROVIDER_STATES"=>[{"name"=>"The user1 exists"}]}, see debug logs for body
D, [2022-01-19T13:20:38.003167 #51686] DEBUG -- : body :
I, [2022-01-19T13:20:38.006089 #51686]  INFO -- : Received response with status: 502, headers: {"Date"=>"Wed, 19 Jan 2022 12:20:38 GMT", "Content-Length"=>"0"}, see debug logs for body
D, [2022-01-19T13:20:38.006224 #51686] DEBUG -- : body: 
W, [2022-01-19T13:20:38.007075 #51686]  WARN -- : No content type found, performing text diff on body
I, [2022-01-19T13:20:38.008732 #51686]  INFO -- : Running example 'Verifying a pact between user-client and user-server Given The user1 does not exist A find user1 by id request with GET /users/user1 returns a response which has status code 404'
I, [2022-01-19T13:20:38.544602 #51686]  INFO -- : Sending GET request to path: "/users/user1" with headers: {"HTTP_ACCEPT"=>"application/json; charset=utf-8", "HTTP_X_PACT_ORIGINAL_HEADER_NAMES"=>"Accept", "X_PACT_PROVIDER_STATES"=>[{"name"=>"The user1 does not exist"}]}, see debug logs for body
D, [2022-01-19T13:20:38.544670 #51686] DEBUG -- : body :
I, [2022-01-19T13:20:38.550450 #51686]  INFO -- : Received response with status: 502, headers: {"Date"=>"Wed, 19 Jan 2022 12:20:38 GMT", "Content-Length"=>"0"}, see debug logs for body
D, [2022-01-19T13:20:38.550836 #51686] DEBUG -- : body: 
W, [2022-01-19T13:20:38.552126 #51686]  WARN -- : No content type found, performing text diff on body
I, [2022-01-19T13:20:38.554110 #51686]  INFO -- : Running example 'Verifying a pact between user-client and user-server Given The user1 exists A delete user1 request with DELETE /users/user1 returns a response which has status code 202'
I, [2022-01-19T13:20:39.119566 #51686]  INFO -- : Sending DELETE request to path: "/users/user1" with headers: {"HTTP_ACCEPT"=>"application/json; charset=utf-8", "HTTP_X_PACT_ORIGINAL_HEADER_NAMES"=>"Accept", "X_PACT_PROVIDER_STATES"=>[{"name"=>"The user1 exists"}]}, see debug logs for body
D, [2022-01-19T13:20:39.119661 #51686] DEBUG -- : body :
I, [2022-01-19T13:20:39.124477 #51686]  INFO -- : Received response with status: 502, headers: {"Date"=>"Wed, 19 Jan 2022 12:20:39 GMT", "Content-Length"=>"0"}, see debug logs for body
D, [2022-01-19T13:20:39.124694 #51686] DEBUG -- : body: 
I, [2022-01-19T13:20:39.126145 #51686]  INFO -- : Running example 'Verifying a pact between user-client and user-server Given The user1 does not exist A delete user1 request with DELETE /users/user1 returns a response which has status code 404'
I, [2022-01-19T13:20:39.641843 #51686]  INFO -- : Sending DELETE request to path: "/users/user1" with headers: {"HTTP_ACCEPT"=>"application/json; charset=utf-8", "HTTP_X_PACT_ORIGINAL_HEADER_NAMES"=>"Accept", "X_PACT_PROVIDER_STATES"=>[{"name"=>"The user1 does not exist"}]}, see debug logs for body
D, [2022-01-19T13:20:39.641963 #51686] DEBUG -- : body :
I, [2022-01-19T13:20:39.647988 #51686]  INFO -- : Received response with status: 502, headers: {"Date"=>"Wed, 19 Jan 2022 12:20:39 GMT", "Content-Length"=>"0"}, see debug logs for body
D, [2022-01-19T13:20:39.648334 #51686] DEBUG -- : body: 
W, [2022-01-19T13:20:39.650399 #51686]  WARN -- : No content type found, performing text diff on body
I, [2022-01-19T13:30:19.613411 #54587]  INFO -- : Running example 'Verifying a pact between user-client and user-server Given The user1 does not exist A new user registration request for user1 with PUT /users returns a response which has status code 201'
I, [2022-01-19T13:30:19.622524 #54587]  INFO -- : Sending PUT request to path: "/users" with headers: {"HTTP_ACCEPT"=>"application/json; charset=utf-8", "CONTENT_TYPE"=>"application/json; charset=utf-8", "HTTP_X_PACT_ORIGINAL_HEADER_NAMES"=>"Accept,Content-Type", "X_PACT_PROVIDER_STATES"=>[{"name"=>"The user1 does not exist"}]}, see debug logs for body
D, [2022-01-19T13:30:19.622615 #54587] DEBUG -- : body :{"id":"user1","name":"name1","email":"email1"}
I, [2022-01-19T13:30:19.675207 #54587]  INFO -- : Received response with status: 500, headers: {"Content-Length"=>"0", "Date"=>"Wed, 19 Jan 2022 12:30:19 GMT"}, see debug logs for body
D, [2022-01-19T13:30:19.675556 #54587] DEBUG -- : body: 
I, [2022-01-19T13:30:19.688026 #54587]  INFO -- : Running example 'Verifying a pact between user-client and user-server Given The user1 exists already A new user registration request for user1 with PUT /users returns a response which has status code 400'
I, [2022-01-19T13:30:19.690518 #54587]  INFO -- : Sending PUT request to path: "/users" with headers: {"HTTP_ACCEPT"=>"application/json; charset=utf-8", "CONTENT_TYPE"=>"application/json; charset=utf-8", "HTTP_X_PACT_ORIGINAL_HEADER_NAMES"=>"Accept,Content-Type", "X_PACT_PROVIDER_STATES"=>[{"name"=>"The user1 exists already"}]}, see debug logs for body
D, [2022-01-19T13:30:19.690610 #54587] DEBUG -- : body :{"id":"user1","name":"name1","email":"email1"}
I, [2022-01-19T13:30:19.715276 #54587]  INFO -- : Received response with status: 500, headers: {"Content-Length"=>"0", "Date"=>"Wed, 19 Jan 2022 12:30:19 GMT"}, see debug logs for body
D, [2022-01-19T13:30:19.715362 #54587] DEBUG -- : body: 
W, [2022-01-19T13:30:19.716589 #54587]  WARN -- : No content type found, performing text diff on body
I, [2022-01-19T13:30:19.719077 #54587]  INFO -- : Running example 'Verifying a pact between user-client and user-server Given Many users exist A list all users request with GET /users returns a response which has status code 200'
I, [2022-01-19T13:30:19.723358 #54587]  INFO -- : Sending GET request to path: "/users" with headers: {"HTTP_ACCEPT"=>"application/json; charset=utf-8", "HTTP_X_PACT_ORIGINAL_HEADER_NAMES"=>"Accept", "X_PACT_PROVIDER_STATES"=>[{"name"=>"Many users exist"}]}, see debug logs for body
D, [2022-01-19T13:30:19.723430 #54587] DEBUG -- : body :
I, [2022-01-19T13:30:59.453184 #54587]  INFO -- : Running example 'Verifying a pact between user-client and user-server Given Many users exist A list all users request with GET /users returns a response which has a matching body'
I, [2022-01-19T13:31:13.953470 #54834]  INFO -- : Running example 'Verifying a pact between user-client and user-server Given The user1 does not exist A new user registration request for user1 with PUT /users returns a response which has status code 201'
I, [2022-01-19T13:31:13.962358 #54834]  INFO -- : Sending PUT request to path: "/users" with headers: {"HTTP_ACCEPT"=>"application/json; charset=utf-8", "CONTENT_TYPE"=>"application/json; charset=utf-8", "HTTP_X_PACT_ORIGINAL_HEADER_NAMES"=>"Accept,Content-Type", "X_PACT_PROVIDER_STATES"=>[{"name"=>"The user1 does not exist"}]}, see debug logs for body
D, [2022-01-19T13:31:13.962521 #54834] DEBUG -- : body :{"id":"user1","name":"name1","email":"email1"}
I, [2022-01-19T13:31:13.989654 #54834]  INFO -- : Received response with status: 500, headers: {"Content-Length"=>"0", "Date"=>"Wed, 19 Jan 2022 12:31:13 GMT"}, see debug logs for body
D, [2022-01-19T13:31:13.989781 #54834] DEBUG -- : body: 
I, [2022-01-19T13:31:13.999908 #54834]  INFO -- : Running example 'Verifying a pact between user-client and user-server Given The user1 exists already A new user registration request for user1 with PUT /users returns a response which has status code 400'
I, [2022-01-19T13:31:14.002001 #54834]  INFO -- : Sending PUT request to path: "/users" with headers: {"HTTP_ACCEPT"=>"application/json; charset=utf-8", "CONTENT_TYPE"=>"application/json; charset=utf-8", "HTTP_X_PACT_ORIGINAL_HEADER_NAMES"=>"Accept,Content-Type", "X_PACT_PROVIDER_STATES"=>[{"name"=>"The user1 exists already"}]}, see debug logs for body
D, [2022-01-19T13:31:14.002100 #54834] DEBUG -- : body :{"id":"user1","name":"name1","email":"email1"}
I, [2022-01-19T13:31:14.008761 #54834]  INFO -- : Received response with status: 500, headers: {"Content-Length"=>"0", "Date"=>"Wed, 19 Jan 2022 12:31:14 GMT"}, see debug logs for body
D, [2022-01-19T13:31:14.008837 #54834] DEBUG -- : body: 
W, [2022-01-19T13:31:14.009402 #54834]  WARN -- : No content type found, performing text diff on body
I, [2022-01-19T13:31:14.010539 #54834]  INFO -- : Running example 'Verifying a pact between user-client and user-server Given Many users exist A list all users request with GET /users returns a response which has status code 200'
I, [2022-01-19T13:31:14.012180 #54834]  INFO -- : Sending GET request to path: "/users" with headers: {"HTTP_ACCEPT"=>"application/json; charset=utf-8", "HTTP_X_PACT_ORIGINAL_HEADER_NAMES"=>"Accept", "X_PACT_PROVIDER_STATES"=>[{"name"=>"Many users exist"}]}, see debug logs for body
D, [2022-01-19T13:31:14.012234 #54834] DEBUG -- : body :
I, [2022-01-19T13:31:14.018540 #54834]  INFO -- : Running example 'Verifying a pact between user-client and user-server Given Many users exist A list all users request with GET /users returns a response which has a matching body'
I, [2022-01-19T13:44:02.545209 #58159]  INFO -- : Running example 'Verifying a pact between user-client and user-server Given The user1 does not exist A new user registration request for user1 with PUT /users returns a response which has status code 201'
I, [2022-01-19T13:44:02.552869 #58159]  INFO -- : Sending PUT request to path: "/users" with headers: {"HTTP_ACCEPT"=>"application/json; charset=utf-8", "CONTENT_TYPE"=>"application/json; charset=utf-8", "HTTP_X_PACT_ORIGINAL_HEADER_NAMES"=>"Accept,Content-Type", "X_PACT_PROVIDER_STATES"=>[{"name"=>"The user1 does not exist"}]}, see debug logs for body
D, [2022-01-19T13:44:02.552958 #58159] DEBUG -- : body :{"id":"user1","name":"name1","email":"email1"}
I, [2022-01-19T13:44:02.574628 #58159]  INFO -- : Received response with status: 201, headers: {"Content-Length"=>"0", "Date"=>"Wed, 19 Jan 2022 12:44:02 GMT"}, see debug logs for body
D, [2022-01-19T13:44:02.574763 #58159] DEBUG -- : body: 
I, [2022-01-19T13:44:02.581899 #58159]  INFO -- : Running example 'Verifying a pact between user-client and user-server Given The user1 exists already A new user registration request for user1 with PUT /users returns a response which has status code 400'
I, [2022-01-19T13:44:02.584228 #58159]  INFO -- : Sending PUT request to path: "/users" with headers: {"HTTP_ACCEPT"=>"application/json; charset=utf-8", "CONTENT_TYPE"=>"application/json; charset=utf-8", "HTTP_X_PACT_ORIGINAL_HEADER_NAMES"=>"Accept,Content-Type", "X_PACT_PROVIDER_STATES"=>[{"name"=>"The user1 exists already"}]}, see debug logs for body
D, [2022-01-19T13:44:02.584311 #58159] DEBUG -- : body :{"id":"user1","name":"name1","email":"email1"}
I, [2022-01-19T13:44:02.587149 #58159]  INFO -- : Received response with status: 400, headers: {"Content-Length"=>"48", "Content-Type"=>"application/json; charset=utf-8", "Date"=>"Wed, 19 Jan 2022 12:44:02 GMT"}, see debug logs for body
D, [2022-01-19T13:44:02.587252 #58159] DEBUG -- : body: {"message":"user with id: user1 already exists"}
I, [2022-01-19T13:44:02.588939 #58159]  INFO -- : Running example 'Verifying a pact between user-client and user-server Given Many users exist A list all users request with GET /users returns a response which has status code 200'
I, [2022-01-19T13:44:02.593327 #58159]  INFO -- : Sending GET request to path: "/users" with headers: {"HTTP_ACCEPT"=>"application/json; charset=utf-8", "HTTP_X_PACT_ORIGINAL_HEADER_NAMES"=>"Accept", "X_PACT_PROVIDER_STATES"=>[{"name"=>"Many users exist"}]}, see debug logs for body
D, [2022-01-19T13:44:02.593730 #58159] DEBUG -- : body :
I, [2022-01-19T13:44:02.599087 #58159]  INFO -- : Received response with status: 200, headers: {"Content-Length"=>"236", "Content-Type"=>"application/json; charset=utf-8", "Date"=>"Wed, 19 Jan 2022 12:44:02 GMT"}, see debug logs for body
D, [2022-01-19T13:44:02.599368 #58159] DEBUG -- : body: [{"id":"user1","name":"name1","email":"email1"},{"id":"user2","name":"name2","email":"email2"},{"id":"user3","name":"name3","email":"email3"},{"id":"user4","name":"name4","email":"email4"},{"id":"user5","name":"name5","email":"email5"}]
I, [2022-01-19T13:44:02.600838 #58159]  INFO -- : Running example 'Verifying a pact between user-client and user-server Given No users exist A list all users request with GET /users returns a response which has status code 200'
I, [2022-01-19T13:44:02.602884 #58159]  INFO -- : Sending GET request to path: "/users" with headers: {"HTTP_ACCEPT"=>"application/json; charset=utf-8", "HTTP_X_PACT_ORIGINAL_HEADER_NAMES"=>"Accept", "X_PACT_PROVIDER_STATES"=>[{"name"=>"No users exist"}]}, see debug logs for body
D, [2022-01-19T13:44:02.602956 #58159] DEBUG -- : body :
I, [2022-01-19T13:44:02.605423 #58159]  INFO -- : Received response with status: 200, headers: {"Content-Length"=>"2", "Content-Type"=>"application/json; charset=utf-8", "Date"=>"Wed, 19 Jan 2022 12:44:02 GMT"}, see debug logs for body
D, [2022-01-19T13:44:02.605502 #58159] DEBUG -- : body: []
I, [2022-01-19T13:44:02.606626 #58159]  INFO -- : Running example 'Verifying a pact between user-client and user-server Given The user1 exists A find user1 by id request with GET /users/user1 returns a response which has status code 200'
I, [2022-01-19T13:44:02.608370 #58159]  INFO -- : Sending GET request to path: "/users/user1" with headers: {"HTTP_ACCEPT"=>"application/json; charset=utf-8", "HTTP_X_PACT_ORIGINAL_HEADER_NAMES"=>"Accept", "X_PACT_PROVIDER_STATES"=>[{"name"=>"The user1 exists"}]}, see debug logs for body
D, [2022-01-19T13:44:02.608433 #58159] DEBUG -- : body :
I, [2022-01-19T13:44:02.610963 #58159]  INFO -- : Received response with status: 200, headers: {"Content-Length"=>"46", "Content-Type"=>"application/json; charset=utf-8", "Date"=>"Wed, 19 Jan 2022 12:44:02 GMT"}, see debug logs for body
D, [2022-01-19T13:44:02.611033 #58159] DEBUG -- : body: {"id":"user1","name":"name1","email":"email1"}
I, [2022-01-19T13:44:02.612140 #58159]  INFO -- : Running example 'Verifying a pact between user-client and user-server Given The user1 does not exist A find user1 by id request with GET /users/user1 returns a response which has status code 404'
I, [2022-01-19T13:44:02.614430 #58159]  INFO -- : Sending GET request to path: "/users/user1" with headers: {"HTTP_ACCEPT"=>"application/json; charset=utf-8", "HTTP_X_PACT_ORIGINAL_HEADER_NAMES"=>"Accept", "X_PACT_PROVIDER_STATES"=>[{"name"=>"The user1 does not exist"}]}, see debug logs for body
D, [2022-01-19T13:44:02.614541 #58159] DEBUG -- : body :
I, [2022-01-19T13:44:02.617204 #58159]  INFO -- : Received response with status: 404, headers: {"Content-Length"=>"47", "Content-Type"=>"application/json; charset=utf-8", "Date"=>"Wed, 19 Jan 2022 12:44:02 GMT"}, see debug logs for body
D, [2022-01-19T13:44:02.617300 #58159] DEBUG -- : body: {"message":"user with id: user1 was not found"}
I, [2022-01-19T13:44:02.618820 #58159]  INFO -- : Running example 'Verifying a pact between user-client and user-server Given The user1 exists A delete user1 request with DELETE /users/user1 returns a response which has status code 202'
I, [2022-01-19T13:44:02.620770 #58159]  INFO -- : Sending DELETE request to path: "/users/user1" with headers: {"HTTP_ACCEPT"=>"application/json; charset=utf-8", "HTTP_X_PACT_ORIGINAL_HEADER_NAMES"=>"Accept", "X_PACT_PROVIDER_STATES"=>[{"name"=>"The user1 exists"}]}, see debug logs for body
D, [2022-01-19T13:44:02.620835 #58159] DEBUG -- : body :
I, [2022-01-19T13:44:02.623430 #58159]  INFO -- : Received response with status: 202, headers: {"Content-Length"=>"0", "Date"=>"Wed, 19 Jan 2022 12:44:02 GMT"}, see debug logs for body
D, [2022-01-19T13:44:02.623509 #58159] DEBUG -- : body: 
I, [2022-01-19T13:44:02.624628 #58159]  INFO -- : Running example 'Verifying a pact between user-client and user-server Given The user1 does not exist A delete user1 request with DELETE /users/user1 returns a response which has status code 404'
I, [2022-01-19T13:44:02.626846 #58159]  INFO -- : Sending DELETE request to path: "/users/user1" with headers: {"HTTP_ACCEPT"=>"application/json; charset=utf-8", "HTTP_X_PACT_ORIGINAL_HEADER_NAMES"=>"Accept", "X_PACT_PROVIDER_STATES"=>[{"name"=>"The user1 does not exist"}]}, see debug logs for body
D, [2022-01-19T13:44:02.626907 #58159] DEBUG -- : body :
I, [2022-01-19T13:44:02.630131 #58159]  INFO -- : Received response with status: 404, headers: {"Content-Length"=>"47", "Content-Type"=>"application/json; charset=utf-8", "Date"=>"Wed, 19 Jan 2022 12:44:02 GMT"}, see debug logs for body
D, [2022-01-19T13:44:02.630226 #58159] DEBUG -- : body: {"message":"user with id: user1 was not found"}
I, [2022-01-19T14:05:39.279587 #64175]  INFO -- : Running example 'Verifying a pact between user-client and user-server Given The user1 does not exist A new user registration request for user1 with PUT /users returns a response which has status code 201'
I, [2022-01-19T14:05:39.288574 #64175]  INFO -- : Sending PUT request to path: "/users" with headers: {"HTTP_ACCEPT"=>"application/json; charset=utf-8", "CONTENT_TYPE"=>"application/json; charset=utf-8", "HTTP_X_PACT_ORIGINAL_HEADER_NAMES"=>"Accept,Content-Type", "X_PACT_PROVIDER_STATES"=>[{"name"=>"The user1 does not exist"}]}, see debug logs for body
D, [2022-01-19T14:05:39.288819 #64175] DEBUG -- : body :{"id":"user1","name":"name1","email":"email1"}
I, [2022-01-19T14:05:39.317667 #64175]  INFO -- : Received response with status: 201, headers: {"Content-Length"=>"0", "Date"=>"Wed, 19 Jan 2022 13:05:39 GMT"}, see debug logs for body
D, [2022-01-19T14:05:39.317753 #64175] DEBUG -- : body: 
I, [2022-01-19T14:05:39.320584 #64175]  INFO -- : Running example 'Verifying a pact between user-client and user-server Given The user1 exists already A new user registration request for user1 with PUT /users returns a response which has status code 400'
I, [2022-01-19T14:05:39.322962 #64175]  INFO -- : Sending PUT request to path: "/users" with headers: {"HTTP_ACCEPT"=>"application/json; charset=utf-8", "CONTENT_TYPE"=>"application/json; charset=utf-8", "HTTP_X_PACT_ORIGINAL_HEADER_NAMES"=>"Accept,Content-Type", "X_PACT_PROVIDER_STATES"=>[{"name"=>"The user1 exists already"}]}, see debug logs for body
D, [2022-01-19T14:05:39.323061 #64175] DEBUG -- : body :{"id":"user1","name":"name1","email":"email1"}
I, [2022-01-19T14:05:39.326009 #64175]  INFO -- : Received response with status: 400, headers: {"Content-Length"=>"48", "Content-Type"=>"application/json; charset=utf-8", "Date"=>"Wed, 19 Jan 2022 13:05:39 GMT"}, see debug logs for body
D, [2022-01-19T14:05:39.326100 #64175] DEBUG -- : body: {"message":"user with id: user1 already exists"}
I, [2022-01-19T14:05:39.334075 #64175]  INFO -- : Running example 'Verifying a pact between user-client and user-server Given Many users exist A list all users request with GET /users returns a response which has status code 200'
I, [2022-01-19T14:05:39.337172 #64175]  INFO -- : Sending GET request to path: "/users" with headers: {"HTTP_ACCEPT"=>"application/json; charset=utf-8", "HTTP_X_PACT_ORIGINAL_HEADER_NAMES"=>"Accept", "X_PACT_PROVIDER_STATES"=>[{"name"=>"Many users exist"}]}, see debug logs for body
D, [2022-01-19T14:05:39.337298 #64175] DEBUG -- : body :
I, [2022-01-19T14:05:39.340804 #64175]  INFO -- : Received response with status: 200, headers: {"Content-Length"=>"236", "Content-Type"=>"application/json; charset=utf-8", "Date"=>"Wed, 19 Jan 2022 13:05:39 GMT"}, see debug logs for body
D, [2022-01-19T14:05:39.340895 #64175] DEBUG -- : body: [{"id":"user1","name":"name1","email":"email1"},{"id":"user2","name":"name2","email":"email2"},{"id":"user3","name":"name3","email":"email3"},{"id":"user4","name":"name4","email":"email4"},{"id":"user5","name":"name5","email":"email5"}]
I, [2022-01-19T14:05:39.342581 #64175]  INFO -- : Running example 'Verifying a pact between user-client and user-server Given No users exist A list all users request with GET /users returns a response which has status code 200'
I, [2022-01-19T14:05:39.345176 #64175]  INFO -- : Sending GET request to path: "/users" with headers: {"HTTP_ACCEPT"=>"application/json; charset=utf-8", "HTTP_X_PACT_ORIGINAL_HEADER_NAMES"=>"Accept", "X_PACT_PROVIDER_STATES"=>[{"name"=>"No users exist"}]}, see debug logs for body
D, [2022-01-19T14:05:39.345257 #64175] DEBUG -- : body :
I, [2022-01-19T14:05:39.348460 #64175]  INFO -- : Received response with status: 200, headers: {"Content-Length"=>"2", "Content-Type"=>"application/json; charset=utf-8", "Date"=>"Wed, 19 Jan 2022 13:05:39 GMT"}, see debug logs for body
D, [2022-01-19T14:05:39.348570 #64175] DEBUG -- : body: []
I, [2022-01-19T14:05:39.349754 #64175]  INFO -- : Running example 'Verifying a pact between user-client and user-server Given The user1 exists A find user1 by id request with GET /users/user1 returns a response which has status code 200'
I, [2022-01-19T14:05:39.351963 #64175]  INFO -- : Sending GET request to path: "/users/user1" with headers: {"HTTP_ACCEPT"=>"application/json; charset=utf-8", "HTTP_X_PACT_ORIGINAL_HEADER_NAMES"=>"Accept", "X_PACT_PROVIDER_STATES"=>[{"name"=>"The user1 exists"}]}, see debug logs for body
D, [2022-01-19T14:05:39.352165 #64175] DEBUG -- : body :
I, [2022-01-19T14:05:39.355361 #64175]  INFO -- : Received response with status: 200, headers: {"Content-Length"=>"46", "Content-Type"=>"application/json; charset=utf-8", "Date"=>"Wed, 19 Jan 2022 13:05:39 GMT"}, see debug logs for body
D, [2022-01-19T14:05:39.355451 #64175] DEBUG -- : body: {"id":"user1","name":"name1","email":"email1"}
I, [2022-01-19T14:05:39.356581 #64175]  INFO -- : Running example 'Verifying a pact between user-client and user-server Given The user1 does not exist A find user1 by id request with GET /users/user1 returns a response which has status code 404'
I, [2022-01-19T14:05:39.358346 #64175]  INFO -- : Sending GET request to path: "/users/user1" with headers: {"HTTP_ACCEPT"=>"application/json; charset=utf-8", "HTTP_X_PACT_ORIGINAL_HEADER_NAMES"=>"Accept", "X_PACT_PROVIDER_STATES"=>[{"name"=>"The user1 does not exist"}]}, see debug logs for body
D, [2022-01-19T14:05:39.358443 #64175] DEBUG -- : body :
I, [2022-01-19T14:05:39.361548 #64175]  INFO -- : Received response with status: 404, headers: {"Content-Length"=>"47", "Content-Type"=>"application/json; charset=utf-8", "Date"=>"Wed, 19 Jan 2022 13:05:39 GMT"}, see debug logs for body
D, [2022-01-19T14:05:39.361660 #64175] DEBUG -- : body: {"message":"user with id: user1 was not found"}
I, [2022-01-19T14:05:39.363433 #64175]  INFO -- : Running example 'Verifying a pact between user-client and user-server Given The user1 exists A delete user1 request with DELETE /users/user1 returns a response which has status code 202'
I, [2022-01-19T14:05:39.365262 #64175]  INFO -- : Sending DELETE request to path: "/users/user1" with headers: {"HTTP_ACCEPT"=>"application/json; charset=utf-8", "HTTP_X_PACT_ORIGINAL_HEADER_NAMES"=>"Accept", "X_PACT_PROVIDER_STATES"=>[{"name"=>"The user1 exists"}]}, see debug logs for body
D, [2022-01-19T14:05:39.365329 #64175] DEBUG -- : body :
I, [2022-01-19T14:05:39.368134 #64175]  INFO -- : Received response with status: 202, headers: {"Content-Length"=>"0", "Date"=>"Wed, 19 Jan 2022 13:05:39 GMT"}, see debug logs for body
D, [2022-01-19T14:05:39.368227 #64175] DEBUG -- : body: 
I, [2022-01-19T14:05:39.369226 #64175]  INFO -- : Running example 'Verifying a pact between user-client and user-server Given The user1 does not exist A delete user1 request with DELETE /users/user1 returns a response which has status code 404'
I, [2022-01-19T14:05:39.371224 #64175]  INFO -- : Sending DELETE request to path: "/users/user1" with headers: {"HTTP_ACCEPT"=>"application/json; charset=utf-8", "HTTP_X_PACT_ORIGINAL_HEADER_NAMES"=>"Accept", "X_PACT_PROVIDER_STATES"=>[{"name"=>"The user1 does not exist"}]}, see debug logs for body
D, [2022-01-19T14:05:39.371300 #64175] DEBUG -- : body :
I, [2022-01-19T14:05:39.374528 #64175]  INFO -- : Received response with status: 404, headers: {"Content-Length"=>"47", "Content-Type"=>"application/json; charset=utf-8", "Date"=>"Wed, 19 Jan 2022 13:05:39 GMT"}, see debug logs for body
D, [2022-01-19T14:05:39.374608 #64175] DEBUG -- : body: {"message":"user with id: user1 was not found"}
I, [2022-01-19T14:11:50.994527 #65890]  INFO -- : Running example 'Verifying a pact between user-client and user-server Given The user1 does not exist A new user registration request for user1 with PUT /users returns a response which has status code 201'
I, [2022-01-19T14:11:51.003830 #65890]  INFO -- : Sending PUT request to path: "/users" with headers: {"HTTP_ACCEPT"=>"application/json; charset=utf-8", "CONTENT_TYPE"=>"application/json; charset=utf-8", "HTTP_X_PACT_ORIGINAL_HEADER_NAMES"=>"Accept,Content-Type", "X_PACT_PROVIDER_STATES"=>[{"name"=>"The user1 does not exist"}]}, see debug logs for body
D, [2022-01-19T14:11:51.003915 #65890] DEBUG -- : body :{"id":"user1","name":"name1","email":"email1"}
I, [2022-01-19T14:11:51.024783 #65890]  INFO -- : Received response with status: 201, headers: {"Content-Length"=>"0", "Date"=>"Wed, 19 Jan 2022 13:11:51 GMT"}, see debug logs for body
D, [2022-01-19T14:11:51.024870 #65890] DEBUG -- : body: 
I, [2022-01-19T14:11:51.026537 #65890]  INFO -- : Running example 'Verifying a pact between user-client and user-server Given The user1 exists already A new user registration request for user1 with PUT /users returns a response which has status code 400'
I, [2022-01-19T14:11:51.028212 #65890]  INFO -- : Sending PUT request to path: "/users" with headers: {"HTTP_ACCEPT"=>"application/json; charset=utf-8", "CONTENT_TYPE"=>"application/json; charset=utf-8", "HTTP_X_PACT_ORIGINAL_HEADER_NAMES"=>"Accept,Content-Type", "X_PACT_PROVIDER_STATES"=>[{"name"=>"The user1 exists already"}]}, see debug logs for body
D, [2022-01-19T14:11:51.028276 #65890] DEBUG -- : body :{"id":"user1","name":"name1","email":"email1"}
I, [2022-01-19T14:11:51.030525 #65890]  INFO -- : Received response with status: 400, headers: {"Content-Length"=>"48", "Content-Type"=>"application/json; charset=utf-8", "Date"=>"Wed, 19 Jan 2022 13:11:51 GMT"}, see debug logs for body
D, [2022-01-19T14:11:51.030595 #65890] DEBUG -- : body: {"message":"user with id: user1 already exists"}
I, [2022-01-19T14:11:51.031575 #65890]  INFO -- : Running example 'Verifying a pact between user-client and user-server Given Many users exist A list all users request with GET /users returns a response which has status code 200'
I, [2022-01-19T14:11:51.033007 #65890]  INFO -- : Sending GET request to path: "/users" with headers: {"HTTP_ACCEPT"=>"application/json; charset=utf-8", "HTTP_X_PACT_ORIGINAL_HEADER_NAMES"=>"Accept", "X_PACT_PROVIDER_STATES"=>[{"name"=>"Many users exist"}]}, see debug logs for body
D, [2022-01-19T14:11:51.033056 #65890] DEBUG -- : body :
I, [2022-01-19T14:11:51.035071 #65890]  INFO -- : Received response with status: 200, headers: {"Content-Length"=>"236", "Content-Type"=>"application/json; charset=utf-8", "Date"=>"Wed, 19 Jan 2022 13:11:51 GMT"}, see debug logs for body
D, [2022-01-19T14:11:51.035132 #65890] DEBUG -- : body: [{"id":"user1","name":"name1","email":"email1"},{"id":"user2","name":"name2","email":"email2"},{"id":"user3","name":"name3","email":"email3"},{"id":"user4","name":"name4","email":"email4"},{"id":"user5","name":"name5","email":"email5"}]
I, [2022-01-19T14:11:51.036138 #65890]  INFO -- : Running example 'Verifying a pact between user-client and user-server Given No users exist A list all users request with GET /users returns a response which has status code 200'
I, [2022-01-19T14:11:51.037544 #65890]  INFO -- : Sending GET request to path: "/users" with headers: {"HTTP_ACCEPT"=>"application/json; charset=utf-8", "HTTP_X_PACT_ORIGINAL_HEADER_NAMES"=>"Accept", "X_PACT_PROVIDER_STATES"=>[{"name"=>"No users exist"}]}, see debug logs for body
D, [2022-01-19T14:11:51.037590 #65890] DEBUG -- : body :
I, [2022-01-19T14:11:51.039532 #65890]  INFO -- : Received response with status: 200, headers: {"Content-Length"=>"2", "Content-Type"=>"application/json; charset=utf-8", "Date"=>"Wed, 19 Jan 2022 13:11:51 GMT"}, see debug logs for body
D, [2022-01-19T14:11:51.039588 #65890] DEBUG -- : body: []
I, [2022-01-19T14:11:51.040514 #65890]  INFO -- : Running example 'Verifying a pact between user-client and user-server Given The user1 exists A find user1 by id request with GET /users/user1 returns a response which has status code 200'
I, [2022-01-19T14:11:51.041918 #65890]  INFO -- : Sending GET request to path: "/users/user1" with headers: {"HTTP_ACCEPT"=>"application/json; charset=utf-8", "HTTP_X_PACT_ORIGINAL_HEADER_NAMES"=>"Accept", "X_PACT_PROVIDER_STATES"=>[{"name"=>"The user1 exists"}]}, see debug logs for body
D, [2022-01-19T14:11:51.041956 #65890] DEBUG -- : body :
I, [2022-01-19T14:11:51.043864 #65890]  INFO -- : Received response with status: 200, headers: {"Content-Length"=>"46", "Content-Type"=>"application/json; charset=utf-8", "Date"=>"Wed, 19 Jan 2022 13:11:51 GMT"}, see debug logs for body
D, [2022-01-19T14:11:51.043921 #65890] DEBUG -- : body: {"id":"user1","name":"name1","email":"email1"}
I, [2022-01-19T14:11:51.044859 #65890]  INFO -- : Running example 'Verifying a pact between user-client and user-server Given The user1 does not exist A find user1 by id request with GET /users/user1 returns a response which has status code 404'
I, [2022-01-19T14:11:51.046279 #65890]  INFO -- : Sending GET request to path: "/users/user1" with headers: {"HTTP_ACCEPT"=>"application/json; charset=utf-8", "HTTP_X_PACT_ORIGINAL_HEADER_NAMES"=>"Accept", "X_PACT_PROVIDER_STATES"=>[{"name"=>"The user1 does not exist"}]}, see debug logs for body
D, [2022-01-19T14:11:51.046324 #65890] DEBUG -- : body :
I, [2022-01-19T14:11:51.048204 #65890]  INFO -- : Received response with status: 404, headers: {"Content-Length"=>"47", "Content-Type"=>"application/json; charset=utf-8", "Date"=>"Wed, 19 Jan 2022 13:11:51 GMT"}, see debug logs for body
D, [2022-01-19T14:11:51.048260 #65890] DEBUG -- : body: {"message":"user with id: user1 was not found"}
I, [2022-01-19T14:11:51.049175 #65890]  INFO -- : Running example 'Verifying a pact between user-client and user-server Given The user1 exists A delete user1 request with DELETE /users/user1 returns a response which has status code 202'
I, [2022-01-19T14:11:51.050682 #65890]  INFO -- : Sending DELETE request to path: "/users/user1" with headers: {"HTTP_ACCEPT"=>"application/json; charset=utf-8", "HTTP_X_PACT_ORIGINAL_HEADER_NAMES"=>"Accept", "X_PACT_PROVIDER_STATES"=>[{"name"=>"The user1 exists"}]}, see debug logs for body
D, [2022-01-19T14:11:51.050730 #65890] DEBUG -- : body :
I, [2022-01-19T14:11:51.052691 #65890]  INFO -- : Received response with status: 202, headers: {"Content-Length"=>"0", "Date"=>"Wed, 19 Jan 2022 13:11:51 GMT"}, see debug logs for body
D, [2022-01-19T14:11:51.052743 #65890] DEBUG -- : body: 
I, [2022-01-19T14:11:51.053225 #65890]  INFO -- : Running example 'Verifying a pact between user-client and user-server Given The user1 does not exist A delete user1 request with DELETE /users/user1 returns a response which has status code 404'
I, [2022-01-19T14:11:51.054595 #65890]  INFO -- : Sending DELETE request to path: "/users/user1" with headers: {"HTTP_ACCEPT"=>"application/json; charset=utf-8", "HTTP_X_PACT_ORIGINAL_HEADER_NAMES"=>"Accept", "X_PACT_PROVIDER_STATES"=>[{"name"=>"The user1 does not exist"}]}, see debug logs for body
D, [2022-01-19T14:11:51.054687 #65890] DEBUG -- : body :
I, [2022-01-19T14:11:51.056507 #65890]  INFO -- : Received response with status: 404, headers: {"Content-Length"=>"47", "Content-Type"=>"application/json; charset=utf-8", "Date"=>"Wed, 19 Jan 2022 13:11:51 GMT"}, see debug logs for body
D, [2022-01-19T14:11:51.056559 #65890] DEBUG -- : body: {"message":"user with id: user1 was not found"}
